<?xml version="1.0" encoding="UTF-8"?>
<!-- Generated by org.testng.reporters.JUnitReportReporter -->
<testsuite hostname="Abhijeet-PC" failures="0" tests="1" name="saucedemo.LoginPageObjectModel" time="6.683" errors="0" timestamp="2024-02-11T09:39:09 EST" skipped="0">
  <testcase classname="saucedemo.LoginPageObjectModel" name="loginCreds" time="6.683"/>
</testsuite> <!-- saucedemo.LoginPageObjectModel -->
